<?xml version="1.0" encoding="UTF-8"?>
<testsuite name="com.demowebshop.CreateAccountTests" tests="5" skipped="0" failures="0" errors="0" timestamp="2025-09-17T14:02:12" hostname="PCSERGIUS" time="58.041">
  <properties/>
  <testcase name="newUserRegistrationPositiveWithCSV[0](Sergio, Perlov, kan6561@gmail.com, Aa11111!, Aa11111!)" classname="com.demowebshop.CreateAccountTests" time="3.71"/>
  <testcase name="newUserRegistrationPositiveWithCSV[1](Mario, Orlov, kan6563@gmail.com, Aa11111!, Aa11111!)" classname="com.demowebshop.CreateAccountTests" time="2.729"/>
  <testcase name="newUserRegistrationPositiveWithCSV[2](Ezio, Auditore, kan6564@gmail.com, Aa11111!, Aa11111!)" classname="com.demowebshop.CreateAccountTests" time="2.392"/>
  <testcase name="newUserRegistrationPositiveWithCSV[3](Josh, Smith, kan6560@gmail.com, Aa11111!, Aa11111!)" classname="com.demowebshop.CreateAccountTests" time="1.924"/>
  <testcase name="newUserRegistrationPositiveWithCSV[4](Eliy, Kohen, kan6569@gmail.com, Aa11111!, Aa11111!)" classname="com.demowebshop.CreateAccountTests" time="2.209"/>
  <system-out><![CDATA[17:02:12.018 [Test worker] INFO  com.demowebshop.TestBase -- Start test newUserRegistrationPositiveWithCSV
17:02:15.740 [Test worker] INFO  com.demowebshop.TestBase -- PASSED: newUserRegistrationPositiveWithCSV
17:02:15.740 [Test worker] INFO  com.demowebshop.TestBase -- Finish test
17:02:15.740 [Test worker] INFO  com.demowebshop.TestBase -- *************************************
17:02:15.742 [Test worker] INFO  com.demowebshop.TestBase -- Start test newUserRegistrationPositiveWithCSV
17:02:29.958 [Test worker] INFO  com.demowebshop.TestBase -- PASSED: newUserRegistrationPositiveWithCSV
17:02:29.960 [Test worker] INFO  com.demowebshop.TestBase -- Finish test
17:02:29.960 [Test worker] INFO  com.demowebshop.TestBase -- *************************************
17:02:29.960 [Test worker] INFO  com.demowebshop.TestBase -- Start test newUserRegistrationPositiveWithCSV
17:02:44.128 [Test worker] INFO  com.demowebshop.TestBase -- PASSED: newUserRegistrationPositiveWithCSV
17:02:44.128 [Test worker] INFO  com.demowebshop.TestBase -- Finish test
17:02:44.128 [Test worker] INFO  com.demowebshop.TestBase -- *************************************
17:02:44.130 [Test worker] INFO  com.demowebshop.TestBase -- Start test newUserRegistrationPositiveWithCSV
17:02:56.930 [Test worker] INFO  com.demowebshop.TestBase -- PASSED: newUserRegistrationPositiveWithCSV
17:02:56.931 [Test worker] INFO  com.demowebshop.TestBase -- Finish test
17:02:56.931 [Test worker] INFO  com.demowebshop.TestBase -- *************************************
17:02:56.931 [Test worker] INFO  com.demowebshop.TestBase -- Start test newUserRegistrationPositiveWithCSV
17:03:10.069 [Test worker] INFO  com.demowebshop.TestBase -- PASSED: newUserRegistrationPositiveWithCSV
17:03:10.069 [Test worker] INFO  com.demowebshop.TestBase -- Finish test
17:03:10.069 [Test worker] INFO  com.demowebshop.TestBase -- *************************************
]]></system-out>
  <system-err><![CDATA[]]></system-err>
</testsuite>
